<?xml version="1.0" encoding="UTF-8"?>
<!-- Generated by org.testng.reporters.JUnitReportReporter -->
<testsuite skipped="0" hostname="SINHAVAI2" name="com.crm.qa.testcases.ContactPageTest" tests="3" failures="0" timestamp="2021-06-07T14:59:37 IST" time="87.825" errors="0">
  <testcase name="verifyContactLable" time="28.913" classname="com.crm.qa.testcases.ContactPageTest"/>
  <system-out/>
  <testcase name="selectContactsText" time="26.434" classname="com.crm.qa.testcases.ContactPageTest"/>
  <system-out/>
  <testcase name="validateCreateNewContact" time="32.478" classname="com.crm.qa.testcases.ContactPageTest"/>
  <system-out/>
</testsuite> <!-- com.crm.qa.testcases.ContactPageTest -->
